06/20/22 - 13:24:37: Added title column.++++++
06/20/22 - 13:24:37: Added level column.++++++
06/20/22 - 13:24:37: Added skills column.++++++
06/20/22 - 13:24:37: Added category column.++++++
06/20/22 - 13:24:37: Added company column.++++++
06/20/22 - 13:24:37: Added link column.++++++
06/20/22 - 13:24:37: Added date column.++++++
06/20/22 - 13:24:37: Added min_salary column.++++++
06/20/22 - 13:24:37: Added max_salary column.++++++
06/20/22 - 13:24:37: Added trainee column.++++++
06/20/22 - 13:24:37: Added junior column.++++++
06/20/22 - 13:24:37: Added mid column.++++++
06/20/22 - 13:24:37: Added senior column.++++++
06/20/22 - 13:24:37: Added expert column.++++++
06/20/22 - 13:24:37: Added azure column.++++++
06/20/22 - 13:24:37: Added javascript column.++++++
06/20/22 - 13:24:37: Added c# column.++++++
06/20/22 - 13:24:37: Added vue.js column.++++++
06/20/22 - 13:24:37: Added aws column.++++++
06/20/22 - 13:24:37: Added angular column.++++++
06/20/22 - 13:24:37: Added java column.++++++
06/20/22 - 13:24:37: Added ios column.++++++
06/20/22 - 13:24:37: Added php column.++++++
06/20/22 - 13:24:37: Added .net column.++++++
06/20/22 - 13:24:37: Added c++ column.++++++
06/20/22 - 13:24:37: Added typescript column.++++++
06/20/22 - 13:24:37: Added sql column.++++++
06/20/22 - 13:24:37: Added python column.++++++
06/20/22 - 13:24:38: Added 20 offers.++++++
06/20/22 - 13:50:07: Added title column.++++++
06/20/22 - 13:50:07: Added level column.++++++
06/20/22 - 13:50:07: Added skills column.++++++
06/20/22 - 13:50:07: Added category column.++++++
06/20/22 - 13:50:07: Added company column.++++++
06/20/22 - 13:50:07: Added link column.++++++
06/20/22 - 13:50:07: Added date column.++++++
06/20/22 - 13:50:07: Added min_salary column.++++++
06/20/22 - 13:50:07: Added max_salary column.++++++
06/20/22 - 13:50:07: Added trainee column.++++++
06/20/22 - 13:50:07: Added junior column.++++++
06/20/22 - 13:50:07: Added mid column.++++++
06/20/22 - 13:50:07: Added senior column.++++++
06/20/22 - 13:50:07: Added expert column.++++++
06/20/22 - 13:50:07: Added react column.++++++
06/20/22 - 13:50:07: Added spark column.++++++
06/20/22 - 13:50:07: Added aws column.++++++
06/20/22 - 13:50:07: Added sql column.++++++
06/20/22 - 13:50:07: Added java column.++++++
06/20/22 - 13:50:07: Added python column.++++++
06/20/22 - 13:50:07: Added c# column.++++++
06/20/22 - 13:50:07: Added .net column.++++++
06/20/22 - 13:50:07: Added ios column.++++++
06/20/22 - 13:50:07: Added javascript column.++++++
06/20/22 - 13:50:07: Added vue.js column.++++++
06/20/22 - 13:50:07: Added php column.++++++
06/20/22 - 13:50:07: Added 20 offers.++++++
